2022-02-23 11:18:15.980  INFO 20404 --- [main] t.esprit.spring.EmployeServiceImplTests  : Starting EmployeServiceImplTests on LAPTOP-3DTOK93U with PID 20404 (started by medkh in C:\Users\medkh\Documents\TimesheetV2-spring-boot-core-data-jpa-mvc-REST-1)
2022-02-23 11:18:15.986  INFO 20404 --- [main] t.esprit.spring.EmployeServiceImplTests  : No active profile set, falling back to default profiles: default
2022-02-23 11:18:16.872  INFO 20404 --- [main] .s.d.r.c.RepositoryConfigurationDelegate : Bootstrapping Spring Data repositories in DEFAULT mode.
2022-02-23 11:18:16.994  INFO 20404 --- [main] .s.d.r.c.RepositoryConfigurationDelegate : Finished Spring Data repository scanning in 109ms. Found 6 repository interfaces.
2022-02-23 11:18:17.494  INFO 20404 --- [main] trationDelegate$BeanPostProcessorChecker : Bean 'org.springframework.transaction.annotation.ProxyTransactionManagementConfiguration' of type [org.springframework.transaction.annotation.ProxyTransactionManagementConfiguration$$EnhancerBySpringCGLIB$$a1d86d66] is not eligible for getting processed by all BeanPostProcessors (for example: not eligible for auto-proxying)
2022-02-23 11:18:17.969  INFO 20404 --- [main] com.zaxxer.hikari.HikariDataSource       : HikariPool-1 - Starting...
2022-02-23 11:18:18.183  INFO 20404 --- [main] com.zaxxer.hikari.HikariDataSource       : HikariPool-1 - Start completed.
2022-02-23 11:18:18.258  INFO 20404 --- [main] o.hibernate.jpa.internal.util.LogHelper  : HHH000204: Processing PersistenceUnitInfo [
	name: default
	...]
2022-02-23 11:18:18.353  INFO 20404 --- [main] org.hibernate.Version                    : HHH000412: Hibernate Core {5.3.9.Final}
2022-02-23 11:18:18.355  INFO 20404 --- [main] org.hibernate.cfg.Environment            : HHH000206: hibernate.properties not found
2022-02-23 11:18:18.517  INFO 20404 --- [main] o.hibernate.annotations.common.Version   : HCANN000001: Hibernate Commons Annotations {5.0.4.Final}
2022-02-23 11:18:18.798  INFO 20404 --- [main] org.hibernate.dialect.Dialect            : HHH000400: Using dialect: org.hibernate.dialect.MySQL5Dialect
2022-02-23 11:18:19.866  INFO 20404 --- [main] j.LocalContainerEntityManagerFactoryBean : Initialized JPA EntityManagerFactory for persistence unit 'default'
2022-02-23 11:18:20.424  INFO 20404 --- [main] o.h.h.i.QueryTranslatorFactoryInitiator  : HHH000397: Using ASTQueryTranslatorFactory
2022-02-23 11:18:22.046  INFO 20404 --- [main] o.s.s.concurrent.ThreadPoolTaskExecutor  : Initializing ExecutorService 'applicationTaskExecutor'
2022-02-23 11:18:22.147  WARN 20404 --- [main] aWebConfiguration$JpaWebMvcConfiguration : spring.jpa.open-in-view is enabled by default. Therefore, database queries may be performed during view rendering. Explicitly configure spring.jpa.open-in-view to disable this warning
2022-02-23 11:18:22.688  INFO 20404 --- [main] t.esprit.spring.EmployeServiceImplTests  : Started EmployeServiceImplTests in 7.108 seconds (JVM running for 8.457)
2022-02-23 11:18:22.817  INFO 20404 --- [main] t.e.s.c.aspect.LoggingAspect             : In service method  : ajouterDepartement
2022-02-23 11:18:22.899  INFO 20404 --- [main] t.e.s.c.aspect.LoggingAspect             : Method ajouterDepartement execution time: 84 milliseconds.
2022-02-23 11:18:22.900  INFO 20404 --- [main] t.e.s.c.aspect.LoggingAspect             : Out service method  : ajouterDepartement
2022-02-23 11:18:22.900  INFO 20404 --- [main] t.e.s.c.aspect.LoggingAspect             : In service method  : getSalaireMoyenByDepartementId
2022-02-23 11:18:22.946  INFO 20404 --- [main] t.e.s.c.aspect.LoggingAspect             : Method getSalaireMoyenByDepartementId execution time: 46 milliseconds.
2022-02-23 11:18:22.947  INFO 20404 --- [main] t.e.s.c.aspect.LoggingAspect             : Out service method  : getSalaireMoyenByDepartementId
2022-02-23 11:18:22.948  INFO 20404 --- [main] t.e.s.c.aspect.LoggingAspect             : In service method  : deleteDepartementById
2022-02-23 11:18:22.980  INFO 20404 --- [main] t.e.s.c.aspect.LoggingAspect             : Method deleteDepartementById execution time: 32 milliseconds.
2022-02-23 11:18:22.980  INFO 20404 --- [main] t.e.s.c.aspect.LoggingAspect             : Out service method  : deleteDepartementById
2022-02-23 11:18:22.994  INFO 20404 --- [main] t.e.s.c.aspect.LoggingAspect             : In service method  : ajouterEmploye
2022-02-23 11:18:23.000  INFO 20404 --- [main] t.e.s.c.aspect.LoggingAspect             : Method ajouterEmploye execution time: 6 milliseconds.
2022-02-23 11:18:23.000  INFO 20404 --- [main] t.e.s.c.aspect.LoggingAspect             : Out service method  : ajouterEmploye
2022-02-23 11:18:23.000  INFO 20404 --- [main] t.e.s.c.aspect.LoggingAspect             : In service method  : ajouterContrat
2022-02-23 11:18:23.017  INFO 20404 --- [main] t.e.s.c.aspect.LoggingAspect             : Method ajouterContrat execution time: 17 milliseconds.
2022-02-23 11:18:23.017  INFO 20404 --- [main] t.e.s.c.aspect.LoggingAspect             : Out service method  : ajouterContrat
2022-02-23 11:18:23.025  INFO 20404 --- [main] t.e.s.c.aspect.LoggingAspect             : In service method  : ajouterEmploye
2022-02-23 11:18:23.029  INFO 20404 --- [main] t.e.s.c.aspect.LoggingAspect             : Method ajouterEmploye execution time: 4 milliseconds.
2022-02-23 11:18:23.029  INFO 20404 --- [main] t.e.s.c.aspect.LoggingAspect             : Out service method  : ajouterEmploye
2022-02-23 11:18:23.029  INFO 20404 --- [main] t.e.s.c.aspect.LoggingAspect             : In service method  : mettreAjourEmailByEmployeId
2022-02-23 11:18:23.049  INFO 20404 --- [main] t.e.s.c.aspect.LoggingAspect             : Method mettreAjourEmailByEmployeId execution time: 20 milliseconds.
2022-02-23 11:18:23.049  INFO 20404 --- [main] t.e.s.c.aspect.LoggingAspect             : Out service method  : mettreAjourEmailByEmployeId
2022-02-23 11:18:23.049  INFO 20404 --- [main] t.e.s.c.aspect.LoggingAspect             : In service method  : findEmployeById
2022-02-23 11:18:23.054  INFO 20404 --- [main] t.e.s.c.aspect.LoggingAspect             : Method findEmployeById execution time: 5 milliseconds.
2022-02-23 11:18:23.055  INFO 20404 --- [main] t.e.s.c.aspect.LoggingAspect             : Out service method  : findEmployeById
2022-02-23 11:18:23.055  INFO 20404 --- [main] t.e.s.c.aspect.LoggingAspect             : In service method  : deleteEmployeById
2022-02-23 11:18:23.068  INFO 20404 --- [main] t.e.s.c.aspect.LoggingAspect             : Method deleteEmployeById execution time: 13 milliseconds.
2022-02-23 11:18:23.068  INFO 20404 --- [main] t.e.s.c.aspect.LoggingAspect             : Out service method  : deleteEmployeById
2022-02-23 11:18:23.070  INFO 20404 --- [main] t.e.s.c.aspect.LoggingAspect             : In service method  : ajouterEmploye
2022-02-23 11:18:23.073  INFO 20404 --- [main] t.e.s.c.aspect.LoggingAspect             : Method ajouterEmploye execution time: 3 milliseconds.
2022-02-23 11:18:23.074  INFO 20404 --- [main] t.e.s.c.aspect.LoggingAspect             : Out service method  : ajouterEmploye
2022-02-23 11:18:23.074  INFO 20404 --- [main] t.e.s.c.aspect.LoggingAspect             : In service method  : getSalaireByEmployeIdJPQL
2022-02-23 11:18:23.077  INFO 20404 --- [main] t.e.s.c.aspect.LoggingAspect             : Method getSalaireByEmployeIdJPQL execution time: 3 milliseconds.
2022-02-23 11:18:23.078  INFO 20404 --- [main] t.e.s.c.aspect.LoggingAspect             : Out service method  : getSalaireByEmployeIdJPQL
2022-02-23 11:18:23.078  INFO 20404 --- [main] t.e.s.c.aspect.LoggingAspect             : In service method  : deleteEmployeById
2022-02-23 11:18:23.088  INFO 20404 --- [main] t.e.s.c.aspect.LoggingAspect             : Method deleteEmployeById execution time: 10 milliseconds.
2022-02-23 11:18:23.089  INFO 20404 --- [main] t.e.s.c.aspect.LoggingAspect             : Out service method  : deleteEmployeById
2022-02-23 11:18:23.092  INFO 20404 --- [main] t.e.s.c.aspect.LoggingAspect             : In service method  : ajouterEmploye
2022-02-23 11:18:23.096  INFO 20404 --- [main] t.e.s.c.aspect.LoggingAspect             : Method ajouterEmploye execution time: 4 milliseconds.
2022-02-23 11:18:23.096  INFO 20404 --- [main] t.e.s.c.aspect.LoggingAspect             : Out service method  : ajouterEmploye
2022-02-23 11:18:23.096  INFO 20404 --- [main] t.e.s.c.aspect.LoggingAspect             : In service method  : getEmployePrenomById
2022-02-23 11:18:23.102  INFO 20404 --- [main] t.e.s.c.aspect.LoggingAspect             : Method getEmployePrenomById execution time: 6 milliseconds.
2022-02-23 11:18:23.103  INFO 20404 --- [main] t.e.s.c.aspect.LoggingAspect             : Out service method  : getEmployePrenomById
2022-02-23 11:18:23.103  INFO 20404 --- [main] t.e.s.c.aspect.LoggingAspect             : In service method  : deleteEmployeById
2022-02-23 11:18:23.112  INFO 20404 --- [main] t.e.s.c.aspect.LoggingAspect             : Method deleteEmployeById execution time: 9 milliseconds.
2022-02-23 11:18:23.113  INFO 20404 --- [main] t.e.s.c.aspect.LoggingAspect             : Out service method  : deleteEmployeById
2022-02-23 11:18:23.120  INFO 20404 --- [main] t.e.s.c.aspect.LoggingAspect             : In service method  : getContratById
2022-02-23 11:18:23.125  INFO 20404 --- [main] t.e.s.c.aspect.LoggingAspect             : Method getContratById execution time: 5 milliseconds.
2022-02-23 11:18:23.126  INFO 20404 --- [main] t.e.s.c.aspect.LoggingAspect             : Out service method  : getContratById
2022-02-23 11:18:23.133  INFO 20404 --- [main] t.e.s.c.aspect.LoggingAspect             : In service method  : ajouterContrat
2022-02-23 11:18:23.137  INFO 20404 --- [main] t.e.s.c.aspect.LoggingAspect             : Method ajouterContrat execution time: 4 milliseconds.
2022-02-23 11:18:23.137  INFO 20404 --- [main] t.e.s.c.aspect.LoggingAspect             : Out service method  : ajouterContrat
2022-02-23 11:18:23.137  INFO 20404 --- [main] t.e.s.c.aspect.LoggingAspect             : In service method  : deleteContratById
2022-02-23 11:18:23.141  INFO 20404 --- [main] t.e.s.c.aspect.LoggingAspect             : Method deleteContratById execution time: 4 milliseconds.
2022-02-23 11:18:23.141  INFO 20404 --- [main] t.e.s.c.aspect.LoggingAspect             : Out service method  : deleteContratById
2022-02-23 11:18:23.147  INFO 20404 --- [main] t.e.s.c.aspect.LoggingAspect             : In service method  : ajouterEmploye
2022-02-23 11:18:23.152  INFO 20404 --- [main] t.e.s.c.aspect.LoggingAspect             : Method ajouterEmploye execution time: 5 milliseconds.
2022-02-23 11:18:23.152  INFO 20404 --- [main] t.e.s.c.aspect.LoggingAspect             : Out service method  : ajouterEmploye
2022-02-23 11:18:23.152  INFO 20404 --- [main] t.e.s.c.aspect.LoggingAspect             : In service method  : deleteEmployeById
2022-02-23 11:18:23.155  INFO 20404 --- [main] t.e.s.c.aspect.LoggingAspect             : Method deleteEmployeById execution time: 3 milliseconds.
2022-02-23 11:18:23.156  INFO 20404 --- [main] t.e.s.c.aspect.LoggingAspect             : Out service method  : deleteEmployeById
2022-02-23 11:18:23.160  INFO 20404 --- [main] t.e.s.c.aspect.LoggingAspect             : In service method  : getAllEmployeByEntreprise
2022-02-23 11:18:23.173  INFO 20404 --- [main] t.e.s.c.aspect.LoggingAspect             : Method getAllEmployeByEntreprise execution time: 13 milliseconds.
2022-02-23 11:18:23.173  INFO 20404 --- [main] t.e.s.c.aspect.LoggingAspect             : Out service method  : getAllEmployeByEntreprise
2022-02-23 11:18:23.175  INFO 20404 --- [main] t.e.s.c.aspect.LoggingAspect             : In service method  : ajouterEmploye
2022-02-23 11:18:23.178  INFO 20404 --- [main] t.e.s.c.aspect.LoggingAspect             : Method ajouterEmploye execution time: 3 milliseconds.
2022-02-23 11:18:23.178  INFO 20404 --- [main] t.e.s.c.aspect.LoggingAspect             : Out service method  : ajouterEmploye
2022-02-23 11:18:23.179  INFO 20404 --- [main] t.e.s.c.aspect.LoggingAspect             : In service method  : mettreAjourEmailByEmployeIdJPQL
2022-02-23 11:18:23.184  INFO 20404 --- [main] t.e.s.c.aspect.LoggingAspect             : Method mettreAjourEmailByEmployeIdJPQL execution time: 5 milliseconds.
2022-02-23 11:18:23.184  INFO 20404 --- [main] t.e.s.c.aspect.LoggingAspect             : Out service method  : mettreAjourEmailByEmployeIdJPQL
2022-02-23 11:18:23.185  INFO 20404 --- [main] t.e.s.c.aspect.LoggingAspect             : In service method  : findEmployeById
2022-02-23 11:18:23.188  INFO 20404 --- [main] t.e.s.c.aspect.LoggingAspect             : Method findEmployeById execution time: 3 milliseconds.
2022-02-23 11:18:23.188  INFO 20404 --- [main] t.e.s.c.aspect.LoggingAspect             : Out service method  : findEmployeById
2022-02-23 11:18:23.188  INFO 20404 --- [main] t.e.s.c.aspect.LoggingAspect             : In service method  : deleteEmployeById
2022-02-23 11:18:23.195  INFO 20404 --- [main] t.e.s.c.aspect.LoggingAspect             : Method deleteEmployeById execution time: 7 milliseconds.
2022-02-23 11:18:23.196  INFO 20404 --- [main] t.e.s.c.aspect.LoggingAspect             : Out service method  : deleteEmployeById
2022-02-23 11:18:23.198  INFO 20404 --- [main] t.e.s.c.aspect.LoggingAspect             : In service method  : ajouterEmploye
2022-02-23 11:18:23.201  INFO 20404 --- [main] t.e.s.c.aspect.LoggingAspect             : Method ajouterEmploye execution time: 3 milliseconds.
2022-02-23 11:18:23.201  INFO 20404 --- [main] t.e.s.c.aspect.LoggingAspect             : Out service method  : ajouterEmploye
2022-02-23 11:18:23.201  INFO 20404 --- [main] t.e.s.c.aspect.LoggingAspect             : In service method  : affecterContratAEmploye
2022-02-23 11:18:23.208  INFO 20404 --- [main] t.e.s.c.aspect.LoggingAspect             : Method affecterContratAEmploye execution time: 7 milliseconds.
2022-02-23 11:18:23.208  INFO 20404 --- [main] t.e.s.c.aspect.LoggingAspect             : Out service method  : affecterContratAEmploye
2022-02-23 11:18:23.208  INFO 20404 --- [main] t.e.s.c.aspect.LoggingAspect             : In service method  : getContratById
2022-02-23 11:18:23.210  INFO 20404 --- [main] t.e.s.c.aspect.LoggingAspect             : Method getContratById execution time: 2 milliseconds.
2022-02-23 11:18:23.210  INFO 20404 --- [main] t.e.s.c.aspect.LoggingAspect             : Out service method  : getContratById
2022-02-23 11:18:23.213  INFO 20404 --- [main] t.e.s.c.aspect.LoggingAspect             : In service method  : ajouterContrat
2022-02-23 11:18:23.215  INFO 20404 --- [main] t.e.s.c.aspect.LoggingAspect             : Method ajouterContrat execution time: 2 milliseconds.
2022-02-23 11:18:23.215  INFO 20404 --- [main] t.e.s.c.aspect.LoggingAspect             : Out service method  : ajouterContrat
2022-02-23 11:18:23.215  INFO 20404 --- [main] t.e.s.c.aspect.LoggingAspect             : In service method  : deleteContratById
2022-02-23 11:18:23.221  INFO 20404 --- [main] t.e.s.c.aspect.LoggingAspect             : Method deleteContratById execution time: 6 milliseconds.
2022-02-23 11:18:23.221  INFO 20404 --- [main] t.e.s.c.aspect.LoggingAspect             : Out service method  : deleteContratById
2022-02-23 11:18:23.221  INFO 20404 --- [main] t.e.s.c.aspect.LoggingAspect             : In service method  : getContratById
2022-02-23 11:18:23.223  INFO 20404 --- [main] t.e.s.c.aspect.LoggingAspect             : Method getContratById execution time: 2 milliseconds.
2022-02-23 11:18:23.224  INFO 20404 --- [main] t.e.s.c.aspect.LoggingAspect             : Out service method  : getContratById
2022-02-23 11:18:23.226  INFO 20404 --- [main] t.e.s.c.aspect.LoggingAspect             : In service method  : ajouterEmploye
2022-02-23 11:18:23.228  INFO 20404 --- [main] t.e.s.c.aspect.LoggingAspect             : Method ajouterEmploye execution time: 2 milliseconds.
2022-02-23 11:18:23.228  INFO 20404 --- [main] t.e.s.c.aspect.LoggingAspect             : Out service method  : ajouterEmploye
2022-02-23 11:18:23.229  INFO 20404 --- [main] t.e.s.c.aspect.LoggingAspect             : In service method  : getEmployePrenomById
2022-02-23 11:18:23.232  INFO 20404 --- [main] t.e.s.c.aspect.LoggingAspect             : Method getEmployePrenomById execution time: 3 milliseconds.
2022-02-23 11:18:23.232  INFO 20404 --- [main] t.e.s.c.aspect.LoggingAspect             : Out service method  : getEmployePrenomById
2022-02-23 11:18:23.233  INFO 20404 --- [main] t.e.s.c.aspect.LoggingAspect             : In service method  : deleteEmployeById
2022-02-23 11:18:23.239  INFO 20404 --- [main] t.e.s.c.aspect.LoggingAspect             : Method deleteEmployeById execution time: 6 milliseconds.
2022-02-23 11:18:23.240  INFO 20404 --- [main] t.e.s.c.aspect.LoggingAspect             : Out service method  : deleteEmployeById
2022-02-23 11:18:23.240  INFO 20404 --- [main] t.e.s.c.aspect.LoggingAspect             : In service method  : getEmployePrenomById
2022-02-23 11:18:23.242  INFO 20404 --- [main] t.e.s.c.aspect.LoggingAspect             : Method getEmployePrenomById execution time: 2 milliseconds.
2022-02-23 11:18:23.242  INFO 20404 --- [main] t.e.s.c.aspect.LoggingAspect             : Out service method  : getEmployePrenomById
2022-02-23 11:18:23.244  INFO 20404 --- [main] t.e.s.c.aspect.LoggingAspect             : In service method  : getNombreEmployeJPQL
2022-02-23 11:18:23.247  INFO 20404 --- [main] t.e.s.c.aspect.LoggingAspect             : Method getNombreEmployeJPQL execution time: 3 milliseconds.
2022-02-23 11:18:23.247  INFO 20404 --- [main] t.e.s.c.aspect.LoggingAspect             : Out service method  : getNombreEmployeJPQL
2022-02-23 11:18:23.249  INFO 20404 --- [main] t.e.s.c.aspect.LoggingAspect             : In service method  : ajouterEmploye
2022-02-23 11:18:23.251  INFO 20404 --- [main] t.e.s.c.aspect.LoggingAspect             : Method ajouterEmploye execution time: 2 milliseconds.
2022-02-23 11:18:23.251  INFO 20404 --- [main] t.e.s.c.aspect.LoggingAspect             : Out service method  : ajouterEmploye
2022-02-23 11:18:23.256  INFO 20404 --- [main] t.e.s.c.aspect.LoggingAspect             : In service method  : ajouterTimesheet
2022-02-23 11:18:23.271  INFO 20404 --- [main] t.e.s.c.aspect.LoggingAspect             : Method ajouterTimesheet execution time: 15 milliseconds.
2022-02-23 11:18:23.271  INFO 20404 --- [main] t.e.s.c.aspect.LoggingAspect             : Out service method  : ajouterTimesheet
2022-02-23 11:18:23.271  INFO 20404 --- [main] t.e.s.c.aspect.LoggingAspect             : In service method  : getTimesheetsByMissionAndDate
2022-02-23 11:18:23.276  INFO 20404 --- [main] t.e.s.c.aspect.LoggingAspect             : Method getTimesheetsByMissionAndDate execution time: 5 milliseconds.
2022-02-23 11:18:23.276  INFO 20404 --- [main] t.e.s.c.aspect.LoggingAspect             : Out service method  : getTimesheetsByMissionAndDate
2022-02-23 11:18:23.280  INFO 20404 --- [main] t.e.s.c.aspect.LoggingAspect             : In service method  : deleteEmployeById
2022-02-23 11:18:23.287  INFO 20404 --- [main] t.e.s.c.aspect.LoggingAspect             : Method deleteEmployeById execution time: 7 milliseconds.
2022-02-23 11:18:23.287  INFO 20404 --- [main] t.e.s.c.aspect.LoggingAspect             : Out service method  : deleteEmployeById
2022-02-23 11:18:23.287  INFO 20404 --- [main] t.e.s.c.aspect.LoggingAspect             : In service method  : removeTimeSheet
2022-02-23 11:18:23.294 ERROR 20404 --- [main] t.e.s.c.aspect.LoggingAspect             : Unable to find tn.esprit.spring.entities.Employe with id 386; nested exception is javax.persistence.EntityNotFoundException: Unable to find tn.esprit.spring.entities.Employe with id 386
2022-02-23 11:18:23.294  INFO 20404 --- [main] t.e.s.c.aspect.LoggingAspect             : Method removeTimeSheet execution time: 7 milliseconds.
2022-02-23 11:18:23.294  INFO 20404 --- [main] t.e.s.c.aspect.LoggingAspect             : Out service method  : removeTimeSheet
2022-02-23 11:18:23.297  INFO 20404 --- [main] t.e.s.c.aspect.LoggingAspect             : In service method  : getAllEmployes
2022-02-23 11:18:23.426  INFO 20404 --- [main] t.e.s.c.aspect.LoggingAspect             : Method getAllEmployes execution time: 129 milliseconds.
2022-02-23 11:18:23.427  INFO 20404 --- [main] t.e.s.c.aspect.LoggingAspect             : Out service method  : getAllEmployes
2022-02-23 11:18:23.430  INFO 20404 --- [main] t.e.s.c.aspect.LoggingAspect             : In service method  : getAllEmployeNamesJPQL
2022-02-23 11:18:23.434  INFO 20404 --- [main] t.e.s.c.aspect.LoggingAspect             : Method getAllEmployeNamesJPQL execution time: 4 milliseconds.
2022-02-23 11:18:23.434  INFO 20404 --- [main] t.e.s.c.aspect.LoggingAspect             : Out service method  : getAllEmployeNamesJPQL
2022-02-23 11:18:23.455  INFO 20404 --- [Thread-2] o.s.s.concurrent.ThreadPoolTaskExecutor  : Shutting down ExecutorService 'applicationTaskExecutor'
2022-02-23 11:18:23.457  INFO 20404 --- [Thread-2] j.LocalContainerEntityManagerFactoryBean : Closing JPA EntityManagerFactory for persistence unit 'default'
2022-02-23 11:18:23.459  INFO 20404 --- [Thread-2] com.zaxxer.hikari.HikariDataSource       : HikariPool-1 - Shutdown initiated...
2022-02-23 11:18:23.593  INFO 20404 --- [Thread-2] com.zaxxer.hikari.HikariDataSource       : HikariPool-1 - Shutdown completed.
